<?xml version="1.0" encoding="UTF-8"?>
<!-- Generated by org.testng.reporters.JUnitReportReporter -->
<testsuite skipped="0" hostname="Swanand" name="Tests.validateNavigationBar" tests="1" failures="0" timestamp="28 Jun 2020 18:40:14 GMT" time="0.100" errors="0">
  <testcase name="test_navigationbar" time="0.100" classname="Tests.validateNavigationBar"/>
</testsuite> <!-- Tests.validateNavigationBar -->
